<?xml version="1.0" encoding="UTF-8"?>
<testng-results ignored="0" total="5" passed="5" failed="0" skipped="0">
  <reporter-output>
  </reporter-output>
  <suite started-at="2026-04-01T23:26:52 IST" name="Default suite" finished-at="2026-04-01T23:28:36 IST" duration-ms="103188">
    <groups>
      <group name="cucumber">
        <method signature="AbstractTestNGCucumberTests.runScenario(io.cucumber.testng.PickleWrapper,io.cucumber.testng.FeatureWrapper)[pri:0, instance:runner.TestRunner@394df057]" name="runScenario" class="io.cucumber.testng.AbstractTestNGCucumberTests"/>
      </group> <!-- cucumber -->
    </groups>
    <test started-at="2026-04-01T23:26:52 IST" name="Default test" finished-at="2026-04-01T23:28:36 IST" duration-ms="103188">
      <class name="runner.TestRunner">
        <test-method is-config="true" signature="setUpClass(org.testng.ITestContext)[pri:0, instance:runner.TestRunner@394df057]" started-at="2026-04-01T23:26:52 IST" name="setUpClass" finished-at="2026-04-01T23:26:56 IST" duration-ms="3642" status="PASS">
          <params>
            <param index="0">
              <value>
                <![CDATA[org.testng.TestRunner@6884f0d9]]>
              </value>
            </param>
          </params>
          <reporter-output>
          </reporter-output>
        </test-method> <!-- setUpClass -->
        <test-method signature="runScenario(io.cucumber.testng.PickleWrapper,io.cucumber.testng.FeatureWrapper)[pri:0, instance:runner.TestRunner@394df057]" started-at="2026-04-01T23:26:56 IST" name="runScenario" description="Runs Cucumber Scenarios" data-provider="scenarios" finished-at="2026-04-01T23:28:00 IST" duration-ms="63766" status="PASS">
          <params>
            <param index="0">
              <value>
                <![CDATA["Verify homepage  title and categories"]]>
              </value>
            </param>
            <param index="1">
              <value>
                <![CDATA["verify Home Page"]]>
              </value>
            </param>
          </params>
          <reporter-output>
          </reporter-output>
        </test-method> <!-- runScenario -->
        <test-method signature="runScenario(io.cucumber.testng.PickleWrapper,io.cucumber.testng.FeatureWrapper)[pri:0, instance:runner.TestRunner@394df057]" started-at="2026-04-01T23:28:00 IST" name="runScenario" description="Runs Cucumber Scenarios" data-provider="scenarios" finished-at="2026-04-01T23:28:13 IST" duration-ms="12539" status="PASS">
          <params>
            <param index="0">
              <value>
                <![CDATA["verify Login with invalid credentials"]]>
              </value>
            </param>
            <param index="1">
              <value>
                <![CDATA["verify login pages"]]>
              </value>
            </param>
          </params>
          <reporter-output>
          </reporter-output>
        </test-method> <!-- runScenario -->
        <test-method signature="runScenario(io.cucumber.testng.PickleWrapper,io.cucumber.testng.FeatureWrapper)[pri:0, instance:runner.TestRunner@394df057]" started-at="2026-04-01T23:28:13 IST" name="runScenario" description="Runs Cucumber Scenarios" data-provider="scenarios" finished-at="2026-04-01T23:28:22 IST" duration-ms="9664" status="PASS">
          <params>
            <param index="0">
              <value>
                <![CDATA["verify Login with valid credentials"]]>
              </value>
            </param>
            <param index="1">
              <value>
                <![CDATA["verify login functionality"]]>
              </value>
            </param>
          </params>
          <reporter-output>
          </reporter-output>
        </test-method> <!-- runScenario -->
        <test-method signature="runScenario(io.cucumber.testng.PickleWrapper,io.cucumber.testng.FeatureWrapper)[pri:0, instance:runner.TestRunner@394df057]" started-at="2026-04-01T23:28:22 IST" name="runScenario" description="Runs Cucumber Scenarios" data-provider="scenarios" finished-at="2026-04-01T23:28:26 IST" duration-ms="3975" status="PASS">
          <params>
            <param index="0">
              <value>
                <![CDATA["verify search  product"]]>
              </value>
            </param>
            <param index="1">
              <value>
                <![CDATA["Verify Search Product Functionality"]]>
              </value>
            </param>
          </params>
          <reporter-output>
          </reporter-output>
        </test-method> <!-- runScenario -->
        <test-method signature="runScenario(io.cucumber.testng.PickleWrapper,io.cucumber.testng.FeatureWrapper)[pri:0, instance:runner.TestRunner@394df057]" started-at="2026-04-01T23:28:26 IST" name="runScenario" description="Runs Cucumber Scenarios" data-provider="scenarios" finished-at="2026-04-01T23:28:35 IST" duration-ms="8516" status="PASS">
          <params>
            <param index="0">
              <value>
                <![CDATA["verify Registration with new user"]]>
              </value>
            </param>
            <param index="1">
              <value>
                <![CDATA["verify  User Registration"]]>
              </value>
            </param>
          </params>
          <reporter-output>
          </reporter-output>
        </test-method> <!-- runScenario -->
        <test-method is-config="true" signature="tearDownClass()[pri:0, instance:runner.TestRunner@394df057]" started-at="2026-04-01T23:28:35 IST" name="tearDownClass" finished-at="2026-04-01T23:28:36 IST" duration-ms="516" status="PASS">
          <reporter-output>
          </reporter-output>
        </test-method> <!-- tearDownClass -->
      </class> <!-- runner.TestRunner -->
    </test> <!-- Default test -->
  </suite> <!-- Default suite -->
</testng-results>
