<?xml version="1.0" encoding="UTF-8"?>
<!-- Generated by org.testng.reporters.JUnitReportReporter -->
<testsuite hostname="DESKTOP-2BLRRP8" failures="0" tests="5" name="runner.TestRunner" time="98.460" errors="0" timestamp="2026-04-01T23:28:37 IST" skipped="0">
  <testcase classname="runner.TestRunner" name="runScenario" time="63.766"/>
  <testcase classname="runner.TestRunner" name="runScenario" time="3.975"/>
  <testcase classname="runner.TestRunner" name="runScenario" time="8.516"/>
  <testcase classname="runner.TestRunner" name="runScenario" time="12.539"/>
  <testcase classname="runner.TestRunner" name="runScenario" time="9.664"/>
</testsuite> <!-- runner.TestRunner -->
